1602133230941	geckodriver	INFO	Listening on 127.0.0.1:59792
1602133235877	mozrunner::runner	INFO	Running command: "C:\\Program Files\\Mozilla Firefox\\firefox.exe" "--marionette" "-foreground" "-no-remote" "-profile" "C:\\Users\\XingLu Wang\\AppData\\Local\\Temp\\rust_mozprofile6iAAk2"
Can't find symbol 'eglSwapBuffersWithDamageEXT'.
1602133237652	Marionette	INFO	Listening on port 59800
1602133237919	Marionette	WARN	TLS certificate errors will be ignored for this session
Can't find symbol 'eglSwapBuffersWithDamageEXT'.
JavaScript error: resource://gre/actors/AutoCompleteChild.jsm, line 235: Error: Invalid autocomplete selectedIndex
[Parent 21376, Gecko_IOThread] WARNING: file /builds/worker/checkouts/gecko/ipc/chromium/src/base/process_util_win.cc, line 166
1602133259492	Marionette	INFO	Stopped listening on port 59800

###!!! [Child][RunMessage] Error: Channel closing: too late to send/recv, messages will be lost


###!!! [Child][MessageChannel::SendAndWait] Error: Channel error: cannot send/recv

1602133572078	geckodriver	INFO	Listening on 127.0.0.1:59915
1602133577009	mozrunner::runner	INFO	Running command: "C:\\Program Files\\Mozilla Firefox\\firefox.exe" "--marionette" "-foreground" "-no-remote" "-profile" "C:\\Users\\XingLu Wang\\AppData\\Local\\Temp\\rust_mozprofilevMh9DT"
Can't find symbol 'eglSwapBuffersWithDamageEXT'.
1602133578575	Marionette	INFO	Listening on port 59924
1602133579039	Marionette	WARN	TLS certificate errors will be ignored for this session
Can't find symbol 'eglSwapBuffersWithDamageEXT'.
1602133600269	Marionette	INFO	Stopped listening on port 59924

###!!! [Child][RunMessage] Error: Channel closing: too late to send/recv, messages will be lost


###!!! [Child][MessageChannel::SendAndWait] Error: Channel error: cannot send/recv

1602133678146	geckodriver	INFO	Listening on 127.0.0.1:59988
1602133683166	mozrunner::runner	INFO	Running command: "C:\\Program Files\\Mozilla Firefox\\firefox.exe" "--marionette" "-foreground" "-no-remote" "-profile" "C:\\Users\\XingLu Wang\\AppData\\Local\\Temp\\rust_mozprofileKSUdVB"
Can't find symbol 'eglSwapBuffersWithDamageEXT'.
1602133684854	Marionette	INFO	Listening on port 60000
1602133685201	Marionette	WARN	TLS certificate errors will be ignored for this session
Can't find symbol 'eglSwapBuffersWithDamageEXT'.
[Parent 15000, Gecko_IOThread] WARNING: file /builds/worker/checkouts/gecko/ipc/chromium/src/base/process_util_win.cc, line 166
1602133751080	Marionette	INFO	Stopped listening on port 60000

###!!! [Child][RunMessage] Error: Channel closing: too late to send/recv, messages will be lost


###!!! [Child][MessageChannel::SendAndWait] Error: Channel error: cannot send/recv

ort 60070
1602133750017	Marionette	WARN	TLS certificate errors will be ignored for this session
Can't find symbol 'eglSwapBuffersWithDamageEXT'.
JavaScript error: resource://gre/actors/AutoCompleteChild.jsm, line 235: Error: Invalid autocomplete selectedIndex
[Parent 1768, Gecko_IOThread] WARNING: file /builds/worker/checkouts/gecko/ipc/chromium/src/base/process_util_win.cc, line 166
1602133766877	Marionette	INFO	Stopped listening on port 60070

###!!! [Child][RunMessage] Error: Channel closing: too late to send/recv, messages will be lost


###!!! [Child][MessageChannel::SendAndWait] Error: Channel error: cannot send/recv

1602133845241	geckodriver	INFO	Listening on 127.0.0.1:60154
1602133850145	mozrunner::runner	INFO	Running command: "C:\\Program Files\\Mozilla Firefox\\firefox.exe" "--marionette" "-foreground" "-no-remote" "-profile" "C:\\Users\\XingLu Wang\\AppData\\Local\\Temp\\rust_mozprofile5ZLJjv"
Can't find symbol 'eglSwapBuffersWithDamageEXT'.
1602133851779	Marionette	INFO	Listening on port 60162
1602133852171	Marionette	WARN	TLS certificate errors will be ignored for this session
Can't find symbol 'eglSwapBuffersWithDamageEXT'.
1602133886583	Marionette	INFO	Stopped listening on port 60162

###!!! [Child][RunMessage] Error: Channel closing: too late to send/recv, messages will be lost


###!!! [Child][MessageChannel::SendAndWait] Error: Channel error: cannot send/recv

1602133892456	geckodriver	INFO	Listening on 127.0.0.1:60217
1602133897412	mozrunner::runner	INFO	Running command: "C:\\Program Files\\Mozilla Firefox\\firefox.exe" "--marionette" "-headless" "-foreground" "-no-remote" "-profile" "C:\\Users\\XingLu Wang\\AppData\\Local\\Temp\\rust_mozprofileRYrEoo"
*** You are running in headless mode.
1602133898970	Marionette	INFO	Listening on port 60227
1602133899443	Marionette	WARN	TLS certificate errors will be ignored for this session
JavaScript warning: https://accounts.google.com/ServiceLogin?service=mail&passive=true&rm=false&continue=https://mail.google.com/mail/&ss=1&scc=1&ltmpl=default&ltmplcache=2&emr=1&osid=1# line 1 > eval line 305 > eval line 1 > eval, line 1: WebGL warning: <Create>: Can't use WebGL in headless mode (https://bugzil.la/1375585).
JavaScript warning: https://accounts.google.com/ServiceLogin?service=mail&passive=true&rm=false&continue=https://mail.google.com/mail/&ss=1&scc=1&ltmpl=default&ltmplcache=2&emr=1&osid=1# line 1 > eval line 305 > eval line 1 > eval, line 1: Failed to create WebGL context: WebGL creation failed: 
* Can't use WebGL in headless mode (https://bugzil.la/1375585).
JavaScript warning: https://accounts.google.com/ServiceLogin?service=mail&passive=true&rm=false&continue=https://mail.google.com/mail/&ss=1&scc=1&ltmpl=default&ltmplcache=2&emr=1&osid=1# line 1 > eval line 1737 > eval, line 1: WebGL warning: <Create>: Can't use WebGL in headless mode (https://bugzil.la/1375585).
JavaScript warning: https://accounts.google.com/ServiceLogin?service=mail&passive=true&rm=false&continue=https://mail.google.com/mail/&ss=1&scc=1&ltmpl=default&ltmplcache=2&emr=1&osid=1# line 1 > eval line 1737 > eval, line 1: Failed to create WebGL context: WebGL creation failed: 
* Can't use WebGL in headless mode (https://bugzil.la/1375585).
1602134007446	geckodriver	INFO	Listening on 127.0.0.1:60290
1602134012500	mozrunner::runner	INFO	Running command: "C:\\Program Files\\Mozilla Firefox\\firefox.exe" "--marionette" "-foreground" "-no-remote" "-profile" "C:\\Users\\XingLu Wang\\AppData\\Local\\Temp\\rust_mozprofileITGoOz"
Can't find symbol 'eglSwapBuffersWithDamageEXT'.
1602134014675	Marionette	INFO	Listening on port 60298
1602134015157	Marionette	WARN	TLS certificate errors will be ignored for this session
Can't find symbol 'eglSwapBuffersWithDamageEXT'.
JavaScript error: resource://gre/actors/AutoCompleteChild.jsm, line 235: Error: Invalid autocomplete selectedIndex
[Parent 25584, Gecko_IOThread] WARNING: file /builds/worker/checkouts/gecko/ipc/chromium/src/base/process_util_win.cc, line 166
1602134040612	Marionette	INFO	Stopped listening on port 60298

###!!! [Child][RunMessage] Error: Channel closing: too late to send/recv, messages will be lost


###!!! [Child][MessageChannel::SendAndWait] Error: Channel error: cannot send/recv

1602134083393	geckodriver	INFO	Listening on 127.0.0.1:60372
1602134088582	mozrunner::runner	INFO	Running command: "C:\\Program Files\\Mozilla Firefox\\firefox.exe" "--marionette" "-foreground" "-no-remote" "-profile" "C:\\Users\\XingLu Wang\\AppData\\Local\\Temp\\rust_mozprofilequiYXB"
Can't find symbol 'eglSwapBuffersWithDamageEXT'.
1602134090495	Marionette	INFO	Listening on port 60382
1602134090640	Marionette	WARN	TLS certificate errors will be ignored for this session
Can't find symbol 'eglSwapBuffersWithDamageEXT'.
1602134117836	Marionette	INFO	Stopped listening on port 60382

###!!! [Child][RunMessage] Error: Channel closing: too late to send/recv, messages will be lost


###!!! [Child][MessageChannel::SendAndWait] Error: Channel error: cannot send/recv

1602134165384	geckodriver	INFO	Listening on 127.0.0.1:60439
1602134170576	mozrunner::runner	INFO	Running command: "C:\\Program Files\\Mozilla Firefox\\firefox.exe" "--marionette" "-foreground" "-no-remote" "-profile" "C:\\Users\\XingLu Wang\\AppData\\Local\\Temp\\rust_mozprofileVYoLf2"
Can't find symbol 'eglSwapBuffersWithDamageEXT'.
1602134172760	Marionette	INFO	Listening on port 60448
1602134173224	Marionette	WARN	TLS certificate errors will be ignored for this session
Can't find symbol 'eglSwapBuffersWithDamageEXT'.
JavaScript error: resource://gre/actors/AutoCompleteChild.jsm, line 235: Error: Invalid autocomplete selectedIndex
[Parent 3104, Gecko_IOThread] WARNING: file /builds/worker/checkouts/gecko/ipc/chromium/src/base/process_util_win.cc, line 166
1602134208245	Marionette	INFO	Stopped listening on port 60448

###!!! [Child][RunMessage] Error: Channel closing: too late to send/recv, messages will be lost


###!!! [Child][MessageChannel::SendAndWait] Error: Channel error: cannot send/recv

1602134260688	geckodriver	INFO	Listening on 127.0.0.1:60508
1602134265846	mozrunner::runner	INFO	Running command: "C:\\Program Files\\Mozilla Firefox\\firefox.exe" "--marionette" "-foreground" "-no-remote" "-profile" "C:\\Users\\XingLu Wang\\AppData\\Local\\Temp\\rust_mozprofileNJzw62"
Can't find symbol 'eglSwapBuffersWithDamageEXT'.
1602134267788	Marionette	INFO	Listening on port 60516
1602134267892	Marionette	WARN	TLS certificate errors will be ignored for this session
Can't find symbol 'eglSwapBuffersWithDamageEXT'.
JavaScript error: resource://gre/actors/AutoCompleteChild.jsm, line 235: Error: Invalid autocomplete selectedIndex
1602134296967	Marionette	INFO	Stopped listening on port 60516

###!!! [Child][RunMessage] Error: Channel closing: too late to send/recv, messages will be lost


###!!! [Child][MessageChannel::SendAndWait] Error: Channel error: cannot send/recv

1602134324176	geckodriver	INFO	Listening on 127.0.0.1:60582
1602134329293	mozrunner::runner	INFO	Running command: "C:\\Program Files\\Mozilla Firefox\\firefox.exe" "--marionette" "-foreground" "-no-remote" "-profile" "C:\\Users\\XingLu Wang\\AppData\\Local\\Temp\\rust_mozprofilelGzTOA"
Can't find symbol 'eglSwapBuffersWithDamageEXT'.
1602134331149	Marionette	INFO	Listening on port 60590
1602134331345	Marionette	WARN	TLS certificate errors will be ignored for this session
Can't find symbol 'eglSwapBuffersWithDamageEXT'.
JavaScript error: resource://gre/actors/AutoCompleteChild.jsm, line 235: Error: Invalid autocomplete selectedIndex
[Parent 17308, Gecko_IOThread] WARNING: file /builds/worker/checkouts/gecko/ipc/chromium/src/base/process_util_win.cc, line 166
1602134370375	Marionette	INFO	Stopped listening on port 60590

###!!! [Child][RunMessage] Error: Channel closing: too late to send/recv, messages will be lost


###!!! [Child][MessageChannel::SendAndWait] Error: Channel error: cannot send/recv

1602134386023	geckodriver	INFO	Listening on 127.0.0.1:60645
1602134391195	mozrunner::runner	INFO	Running command: "C:\\Program Files\\Mozilla Firefox\\firefox.exe" "--marionette" "-foreground" "-no-remote" "-profile" "C:\\Users\\XingLu Wang\\AppData\\Local\\Temp\\rust_mozprofileRqWHME"
Can't find symbol 'eglSwapBuffersWithDamageEXT'.
1602134393095	Marionette	INFO	Listening on port 60654
1602134393227	Marionette	WARN	TLS certificate errors will be ignored for this session
Can't find symbol 'eglSwapBuffersWithDamageEXT'.
JavaScript error: resource://gre/actors/AutoCompleteChild.jsm, line 235: Error: Invalid autocomplete selectedIndex
[Parent 7200, Gecko_IOThread] WARNING: file /builds/worker/checkouts/gecko/ipc/chromium/src/base/process_util_win.cc, line 166
1602134418602	Marionette	INFO	Stopped listening on port 60654

###!!! [Child][RunMessage] Error: Channel closing: too late to send/recv, messages will be lost


###!!! [Child][MessageChannel::SendAndWait] Error: Channel error: cannot send/recv

1602134497559	geckodriver	INFO	Listening on 127.0.0.1:60719
1602134502705	mozrunner::runner	INFO	Running command: "C:\\Program Files\\Mozilla Firefox\\firefox.exe" "--marionette" "-foreground" "-no-remote" "-profile" "C:\\Users\\XingLu Wang\\AppData\\Local\\Temp\\rust_mozprofileKpfPu6"
Can't find symbol 'eglSwapBuffersWithDamageEXT'.
1602134504812	Marionette	INFO	Listening on port 60728
1602134504841	Marionette	WARN	TLS certificate errors will be ignored for this session
Can't find symbol 'eglSwapBuffersWithDamageEXT'.
JavaScript error: resource://gre/actors/AutoCompleteChild.jsm, line 235: Error: Invalid autocomplete selectedIndex
SourceActor threw an exception: [Exception... "Component returned failure code: 0x80470002 (NS_BASE_STREAM_CLOSED) [nsIInputStream.available]"  nsresult: "0x80470002 (NS_BASE_STREAM_CLOSED)"  location: "JS frame :: resource://devtools/shared/DevToolsUtils.js :: onResponse :: line 560"  data: no]
Stack: onResponse@resource://devtools/shared/DevToolsUtils.js:560:34
onStopRequest@resource://gre/modules/NetUtil.jsm:128:18
Line: 560, column: 0
console.error: ({})
JavaScript error: resource://devtools/shared/DevToolsUtils.js, line 560: NS_BASE_STREAM_CLOSED: Component returned failure code: 0x80470002 (NS_BASE_STREAM_CLOSED) [nsIInputStream.available]
1602134635697	Marionette	INFO	Stopped listening on port 60728

###!!! [Child][RunMessage] Error: Channel closing: too late to send/recv, messages will be lost


###!!! [Child][MessageChannel::SendAndWait] Error: Channel error: cannot send/recv

ocal\\Temp\\rust_mozprofileVnmiAo"
Can't find symbol 'eglSwapBuffersWithDamageEXT'.
1602134636138	Marionette	INFO	Listening on port 60802
1602134636649	Marionette	WARN	TLS certificate errors will be ignored for this session
Can't find symbol 'eglSwapBuffersWithDamageEXT'.
JavaScript error: resource://gre/actors/AutoCompleteChild.jsm, line 235: Error: Invalid autocomplete selectedIndex
[Parent 6204, Gecko_IOThread] WARNING: file /builds/worker/checkouts/gecko/ipc/chromium/src/base/process_util_win.cc, line 166
1602134656115	Marionette	INFO	Stopped listening on port 60802

###!!! [Child][RunMessage] Error: Channel closing: too late to send/recv, messages will be lost


###!!! [Child][MessageChannel::SendAndWait] Error: Channel error: cannot send/recv

1602134657109	geckodriver	INFO	Listening on 127.0.0.1:60867
1602134662953	mozrunner::runner	INFO	Running command: "C:\\Program Files\\Mozilla Firefox\\firefox.exe" "--marionette" "-foreground" "-no-remote" "-profile" "C:\\Users\\XingLu Wang\\AppData\\Local\\Temp\\rust_mozprofile7ZtbDG"
Can't find symbol 'eglSwapBuffersWithDamageEXT'.
1602134664892	Marionette	INFO	Listening on port 60876
1602134664980	Marionette	WARN	TLS certificate errors will be ignored for this session
Can't find symbol 'eglSwapBuffersWithDamageEXT'.
JavaScript error: resource://gre/actors/AutoCompleteChild.jsm, line 235: Error: Invalid autocomplete selectedIndex
[Parent 21908, Gecko_IOThread] WARNING: file /builds/worker/checkouts/gecko/ipc/chromium/src/base/process_util_win.cc, line 166
1602134684619	Marionette	INFO	Stopped listening on port 60876

###!!! [Child][RunMessage] Error: Channel closing: too late to send/recv, messages will be lost


###!!! [Child][MessageChannel::SendAndWait] Error: Channel error: cannot send/recv

1602134685753	geckodriver	INFO	Listening on 127.0.0.1:60937
1602134690691	mozrunner::runner	INFO	Running command: "C:\\Program Files\\Mozilla Firefox\\firefox.exe" "--marionette" "-foreground" "-no-remote" "-profile" "C:\\Users\\XingLu Wang\\AppData\\Local\\Temp\\rust_mozprofileNYdWqD"
Can't find symbol 'eglSwapBuffersWithDamageEXT'.
1602134692720	Marionette	INFO	Listening on port 60945
1602134692832	Marionette	WARN	TLS certificate errors will be ignored for this session
Can't find symbol 'eglSwapBuffersWithDamageEXT'.
JavaScript error: resource://gre/actors/AutoCompleteChild.jsm, line 235: Error: Invalid autocomplete selectedIndex
[Parent 624, Gecko_IOThread] WARNING: file /builds/worker/checkouts/gecko/ipc/chromium/src/base/process_util_win.cc, line 166
1602134710316	Marionette	INFO	Stopped listening on port 60945

###!!! [Child][RunMessage] Error: Channel closing: too late to send/recv, messages will be lost


###!!! [Child][MessageChannel::SendAndWait] Error: Channel error: cannot send/recv

1602134711768	geckodriver	INFO	Listening on 127.0.0.1:61003
1602134716767	mozrunner::runner	INFO	Running command: "C:\\Program Files\\Mozilla Firefox\\firefox.exe" "--marionette" "-foreground" "-no-remote" "-profile" "C:\\Users\\XingLu Wang\\AppData\\Local\\Temp\\rust_mozprofileTLVqBt"
Can't find symbol 'eglSwapBuffersWithDamageEXT'.
1602134718800	Marionette	INFO	Listening on port 61011
1602134718815	Marionette	WARN	TLS certificate errors will be ignored for this session
Can't find symbol 'eglSwapBuffersWithDamageEXT'.
JavaScript error: resource://gre/actors/AutoCompleteChild.jsm, line 235: Error: Invalid autocomplete selectedIndex
[Parent 21728, Gecko_IOThread] WARNING: file /builds/worker/checkouts/gecko/ipc/chromium/src/base/process_util_win.cc, line 166
1602134735065	Marionette	INFO	Stopped listening on port 61011

###!!! [Child][RunMessage] Error: Channel closing: too late to send/recv, messages will be lost


###!!! [Child][MessageChannel::SendAndWait] Error: Channel error: cannot send/recv

1602134967133	geckodriver	INFO	Listening on 127.0.0.1:61173
1602134972286	mozrunner::runner	INFO	Running command: "C:\\Program Files\\Mozilla Firefox\\firefox.exe" "--marionette" "-foreground" "-no-remote" "-profile" "C:\\Users\\XingLu Wang\\AppData\\Local\\Temp\\rust_mozprofile3JK6AL"
Can't find symbol 'eglSwapBuffersWithDamageEXT'.
1602134974306	Marionette	INFO	Listening on port 61181
1602134974324	Marionette	WARN	TLS certificate errors will be ignored for this session
Can't find symbol 'eglSwapBuffersWithDamageEXT'.
JavaScript error: https://www.instagram.com/static/bundles/es6/Consumer.js/1c3cda69d916.js, line 507: TypeError: this.props is undefined
[Parent 4036, Gecko_IOThread] WARNING: file /builds/worker/checkouts/gecko/ipc/chromium/src/base/process_util_win.cc, line 166
1602134992511	Marionette	INFO	Stopped listening on port 61181

###!!! [Child][RunMessage] Error: Channel closing: too late to send/recv, messages will be lost


###!!! [Child][MessageChannel::SendAndWait] Error: Channel error: cannot send/recv

1602135013065	geckodriver	INFO	Listening on 127.0.0.1:61244
1602135018335	mozrunner::runner	INFO	Running command: "C:\\Program Files\\Mozilla Firefox\\firefox.exe" "--marionette" "-foreground" "-no-remote" "-profile" "C:\\Users\\XingLu Wang\\AppData\\Local\\Temp\\rust_mozprofilefPXQR9"
Can't find symbol 'eglSwapBuffersWithDamageEXT'.
1602135020554	Marionette	INFO	Listening on port 61255
1602135020979	Marionette	WARN	TLS certificate errors will be ignored for this session
Can't find symbol 'eglSwapBuffersWithDamageEXT'.
JavaScript error: resource://gre/actors/AutoCompleteChild.jsm, line 235: Error: Invalid autocomplete selectedIndex
[Parent 7628, Gecko_IOThread] WARNING: file /builds/worker/checkouts/gecko/ipc/chromium/src/base/process_util_win.cc, line 166
1602135039468	Marionette	INFO	Stopped listening on port 61255

###!!! [Child][RunMessage] Error: Channel closing: too late to send/recv, messages will be lost


###!!! [Child][MessageChannel::SendAndWait] Error: Channel error: cannot send/recv

